2026-05-11 08:55:35.765 [main] INFO  c.u.clinic.ClinicBackendApplication - Starting ClinicBackendApplication using Java 21.0.10 with PID 17564 (C:\Users\chris\Downloads\UNZA CLINIC\backend\target\classes started by chris in C:\Users\chris\Downloads\UNZA CLINIC\backend)
2026-05-11 08:55:35.781 [main] INFO  c.u.clinic.ClinicBackendApplication - The following 1 profile is active: "dev"
2026-05-11 08:55:40.662 [main] WARN  org.hibernate.orm.deprecation - HHH90000025: PostgreSQLDialect does not need to be specified explicitly using 'hibernate.dialect' (remove the property setting and it will be selected by default)
2026-05-11 08:55:45.443 [main] WARN  o.s.b.a.o.j.JpaBaseConfiguration$JpaWebConfiguration - spring.jpa.open-in-view is enabled by default. Therefore, database queries may be performed during view rendering. Explicitly configure spring.jpa.open-in-view to disable this warning
2026-05-11 08:55:47.230 [main] INFO  c.u.clinic.ClinicBackendApplication - Started ClinicBackendApplication in 12.29 seconds (process running for 12.896)
2026-05-11 08:56:57.169 [http-nio-8080-exec-1] INFO  o.s.web.servlet.DispatcherServlet - Initializing Servlet 'dispatcherServlet'
2026-05-11 08:56:57.172 [http-nio-8080-exec-1] INFO  o.s.web.servlet.DispatcherServlet - Completed initialization in 3 ms
2026-05-11 10:56:03.396 [main] INFO  c.u.clinic.ClinicBackendApplication - Starting ClinicBackendApplication using Java 21.0.10 with PID 18964 (C:\Users\chris\Downloads\UNZA CLINIC\backend\target\classes started by chris in C:\Users\chris\Downloads\UNZA CLINIC\backend)
2026-05-11 10:56:03.399 [main] INFO  c.u.clinic.ClinicBackendApplication - The following 1 profile is active: "dev"
2026-05-11 10:56:07.870 [main] WARN  org.hibernate.orm.deprecation - HHH90000025: PostgreSQLDialect does not need to be specified explicitly using 'hibernate.dialect' (remove the property setting and it will be selected by default)
2026-05-11 10:56:12.626 [main] WARN  o.s.b.a.o.j.JpaBaseConfiguration$JpaWebConfiguration - spring.jpa.open-in-view is enabled by default. Therefore, database queries may be performed during view rendering. Explicitly configure spring.jpa.open-in-view to disable this warning
2026-05-11 10:56:14.378 [main] INFO  c.u.clinic.ClinicBackendApplication - Started ClinicBackendApplication in 11.723 seconds (process running for 12.304)
2026-05-11 10:56:41.257 [http-nio-8080-exec-5] INFO  o.s.web.servlet.DispatcherServlet - Initializing Servlet 'dispatcherServlet'
2026-05-11 10:56:41.261 [http-nio-8080-exec-5] INFO  o.s.web.servlet.DispatcherServlet - Completed initialization in 3 ms
2026-05-11 13:02:23.781 [HikariPool-1 housekeeper] WARN  com.zaxxer.hikari.pool.HikariPool - HikariPool-1 - Thread starvation or clock leap detected (housekeeper delta=1h59m58s233ms315µs900ns).
2026-05-11 13:40:11.205 [main] INFO  c.u.clinic.ClinicBackendApplication - Starting ClinicBackendApplication using Java 21.0.10 with PID 40196 (C:\Users\chris\Downloads\UNZA CLINIC\backend\target\classes started by chris in C:\Users\chris\Downloads\UNZA CLINIC\backend)
2026-05-11 13:40:11.208 [main] INFO  c.u.clinic.ClinicBackendApplication - The following 1 profile is active: "dev"
2026-05-11 13:40:15.952 [main] WARN  org.hibernate.orm.deprecation - HHH90000025: PostgreSQLDialect does not need to be specified explicitly using 'hibernate.dialect' (remove the property setting and it will be selected by default)
2026-05-11 13:40:20.556 [main] WARN  o.s.b.a.o.j.JpaBaseConfiguration$JpaWebConfiguration - spring.jpa.open-in-view is enabled by default. Therefore, database queries may be performed during view rendering. Explicitly configure spring.jpa.open-in-view to disable this warning
2026-05-11 13:40:22.261 [main] INFO  c.u.clinic.ClinicBackendApplication - Started ClinicBackendApplication in 11.938 seconds (process running for 12.717)
2026-05-11 13:40:41.501 [http-nio-8080-exec-2] INFO  o.s.web.servlet.DispatcherServlet - Initializing Servlet 'dispatcherServlet'
2026-05-11 13:40:41.504 [http-nio-8080-exec-2] INFO  o.s.web.servlet.DispatcherServlet - Completed initialization in 3 ms
