2026-05-08 06:39:39.278 [HikariPool-1 housekeeper] WARN  com.zaxxer.hikari.pool.HikariPool - HikariPool-1 - Thread starvation or clock leap detected (housekeeper delta=3h23m7s939ms22µs700ns).
2026-05-08 11:02:52.244 [scheduling-1] DEBUG org.hibernate.SQL - select ss1_0.id,ss1_0.address,ss1_0.auditLogging,ss1_0.autoLogout,ss1_0.backupEnabled,ss1_0.backupFrequency,ss1_0.backupLocation,ss1_0.contactPhone,ss1_0.demoDataCleared,ss1_0.emailNotifications,ss1_0.hospitalName,ss1_0.lastBackupAt,ss1_0.lowStockAlerts,ss1_0.smsNotifications,ss1_0.twoFactorAuth from system_settings ss1_0 where ss1_0.id=?
2026-05-08 11:02:52.450 [scheduling-1] DEBUG org.hibernate.SQL - select count(*) from patients p1_0
2026-05-08 11:02:52.476 [scheduling-1] DEBUG org.hibernate.SQL - select count(*) from staff_members sm1_0
2026-05-08 11:02:52.487 [scheduling-1] DEBUG org.hibernate.SQL - select count(*) from app_users au1_0
2026-05-08 11:02:52.500 [scheduling-1] DEBUG org.hibernate.SQL - select count(*) from encounter_records er1_0
2026-05-08 11:02:52.509 [scheduling-1] DEBUG org.hibernate.SQL - select count(*) from triage_records tr1_0
2026-05-08 11:02:52.521 [scheduling-1] DEBUG org.hibernate.SQL - select count(*) from clinical_form_records cfr1_0
2026-05-08 11:02:52.533 [scheduling-1] DEBUG org.hibernate.SQL - select count(*) from billing_invoices bi1_0
2026-05-08 11:02:52.544 [scheduling-1] DEBUG org.hibernate.SQL - select count(*) from prescriptions p1_0
2026-05-08 11:02:52.580 [scheduling-1] DEBUG org.hibernate.SQL - select count(*) from patients p1_0
2026-05-08 11:02:52.583 [scheduling-1] DEBUG org.hibernate.SQL - select count(*) from staff_members sm1_0
2026-05-08 11:02:52.586 [scheduling-1] DEBUG org.hibernate.SQL - select count(*) from app_users au1_0
2026-05-08 11:02:52.592 [scheduling-1] DEBUG org.hibernate.SQL - select count(*) from encounter_records er1_0
2026-05-08 11:02:52.594 [scheduling-1] DEBUG org.hibernate.SQL - select count(*) from triage_records tr1_0
2026-05-08 11:02:52.596 [scheduling-1] DEBUG org.hibernate.SQL - select count(*) from clinical_form_records cfr1_0
2026-05-08 11:02:52.598 [scheduling-1] DEBUG org.hibernate.SQL - select count(*) from billing_invoices bi1_0
2026-05-08 11:02:52.600 [scheduling-1] DEBUG org.hibernate.SQL - select count(*) from prescriptions p1_0
2026-05-08 11:02:52.612 [scheduling-1] DEBUG org.hibernate.SQL - select count(*) from admissions a1_0
2026-05-08 11:02:52.620 [scheduling-1] DEBUG org.hibernate.SQL - select count(*) from lab_tests lt1_0
2026-05-08 11:02:52.631 [scheduling-1] DEBUG org.hibernate.SQL - select count(*) from imaging_requests ir1_0
2026-05-08 11:02:52.638 [scheduling-1] DEBUG org.hibernate.SQL - select count(*) from emergency_cases ec1_0
2026-05-08 11:02:52.659 [scheduling-1] DEBUG org.hibernate.SQL - select ss1_0.id,ss1_0.address,ss1_0.auditLogging,ss1_0.autoLogout,ss1_0.backupEnabled,ss1_0.backupFrequency,ss1_0.backupLocation,ss1_0.contactPhone,ss1_0.demoDataCleared,ss1_0.emailNotifications,ss1_0.hospitalName,ss1_0.lastBackupAt,ss1_0.lowStockAlerts,ss1_0.smsNotifications,ss1_0.twoFactorAuth from system_settings ss1_0
2026-05-08 11:02:52.895 [scheduling-1] DEBUG org.hibernate.SQL - select p1_0.id,p1_0.address,p1_0.age,p1_0.allergies,p1_0.bloodGroup,p1_0.clinicNumber,p1_0.conditions,p1_0.dob,p1_0.email,p1_0.emergencyContact,p1_0.emergencyPhone,p1_0.emergencyRelation,p1_0.gender,p1_0.hostel,p1_0.insurance,p1_0.manNumber,p1_0.name,p1_0.patientId,p1_0.patientType,p1_0.phone,p1_0.program,p1_0.school,p1_0.status,p1_0.studentId,p1_0.year from patients p1_0
2026-05-08 11:02:52.898 [scheduling-1] DEBUG org.hibernate.SQL - select sm1_0.id,sm1_0.department,sm1_0.email,sm1_0.manNumber,sm1_0.name,sm1_0.phone,sm1_0.role,sm1_0.specialization,sm1_0.staffId,sm1_0.status from staff_members sm1_0
2026-05-08 11:02:52.902 [scheduling-1] DEBUG org.hibernate.SQL - select d1_0.id,d1_0.beds,d1_0.code,d1_0.doctors,d1_0.head,d1_0.location,d1_0.name,d1_0.nurses,d1_0.phone,d1_0.status from departments d1_0
2026-05-08 11:02:52.912 [scheduling-1] DEBUG org.hibernate.SQL - select au1_0.id,au1_0.department,au1_0.email,au1_0.forcePasswordChange,au1_0.lastLogin,au1_0.manNumber,au1_0.name,au1_0.password,au1_0.passwordChangedAt,au1_0.passwordVersion,au1_0.permissionsJson,au1_0.role,au1_0.staffId,au1_0.status,au1_0.userId from app_users au1_0
2026-05-08 11:02:52.934 [scheduling-1] DEBUG org.hibernate.SQL - select er1_0.id,er1_0.checkedOut,er1_0.checkoutEligible,er1_0.checkoutTime,er1_0.completedActions,er1_0.createdAt,er1_0.createdBy,er1_0.currentStage,er1_0.encounterId,er1_0.notes,er1_0.patientId,er1_0.patientName,er1_0.patientType,er1_0.paymentStatus,er1_0.pendingActions,er1_0.stageHistory,er1_0.updatedAt from encounter_records er1_0
2026-05-08 11:02:52.945 [scheduling-1] DEBUG org.hibernate.SQL - select tr1_0.id,tr1_0.arrivalTime,tr1_0.bloodPressure,tr1_0.bmi,tr1_0.chiefComplaint,tr1_0.consciousnessLevel,tr1_0.heightCm,tr1_0.level,tr1_0.notes,tr1_0.nurseName,tr1_0.oxygenSaturation,tr1_0.painScore,tr1_0.patientId,tr1_0.patientName,tr1_0.pulseRate,tr1_0.randomBloodSugar,tr1_0.respiratoryRate,tr1_0.status,tr1_0.temperature,tr1_0.vitalSigns,tr1_0.weightKg from triage_records tr1_0
2026-05-08 11:02:52.950 [scheduling-1] DEBUG org.hibernate.SQL - select ec1_0.id,ec1_0.age,ec1_0.arrivalMode,ec1_0.arrivalTime,ec1_0.attendingDoctor,ec1_0.caseId,ec1_0.chiefComplaint,ec1_0.gender,ec1_0.nurseOnDuty,ec1_0.patientName,ec1_0.severity,ec1_0.status,ec1_0.vitals from emergency_cases ec1_0
2026-05-08 11:02:52.954 [scheduling-1] DEBUG org.hibernate.SQL - select a1_0.id,a1_0.appointmentId,a1_0.date,a1_0.department,a1_0.doctorId,a1_0.doctorName,a1_0.notes,a1_0.patientId,a1_0.patientName,a1_0.status,a1_0.time,a1_0.type from appointments a1_0
2026-05-08 11:02:52.964 [scheduling-1] DEBUG org.hibernate.SQL - select p1_0.id,p1_0.date,p1_0.doctor,p1_0.items,p1_0.patientId,p1_0.patientIdNum,p1_0.patientName,p1_0.rxId,p1_0.status from prescriptions p1_0
2026-05-08 11:02:52.971 [scheduling-1] DEBUG org.hibernate.SQL - select a1_0.id,a1_0.admissionId,a1_0.admittedOn,a1_0.bed,a1_0.diagnosis,a1_0.doctor,a1_0.patientId,a1_0.patientName,a1_0.status,a1_0.ward from admissions a1_0
2026-05-08 11:02:52.990 [scheduling-1] DEBUG org.hibernate.SQL - select lt1_0.id,lt1_0.date,lt1_0.patientId,lt1_0.patientName,lt1_0.requestedBy,lt1_0.results,lt1_0.status,lt1_0.test,lt1_0.testId from lab_tests lt1_0
2026-05-08 11:02:52.995 [scheduling-1] DEBUG org.hibernate.SQL - select ir1_0.id,ir1_0.bodyPart,ir1_0.findings,ir1_0.patientId,ir1_0.patientName,ir1_0.radiologist,ir1_0.requestDate,ir1_0.requestId,ir1_0.requestedBy,ir1_0.status,ir1_0.type from imaging_requests ir1_0
2026-05-08 11:02:53.000 [scheduling-1] DEBUG org.hibernate.SQL - select cfr1_0.id,cfr1_0.createdAt,cfr1_0.createdBy,cfr1_0.department,cfr1_0.encounterId,cfr1_0.formId,cfr1_0.formType,cfr1_0.patientId,cfr1_0.patientName,cfr1_0.payloadJson,cfr1_0.status,cfr1_0.title,cfr1_0.updatedAt from clinical_form_records cfr1_0
2026-05-08 11:02:53.004 [scheduling-1] DEBUG org.hibernate.SQL - select bi1_0.id,bi1_0.dueDate,bi1_0.invoiceId,bi1_0.items,bi1_0.lineItemsJson,bi1_0.paidDate,bi1_0.patientId,bi1_0.patientName,bi1_0.paymentMethod,bi1_0.status,bi1_0.subtotal,bi1_0.tax,bi1_0.total from billing_invoices bi1_0
2026-05-08 11:02:53.008 [scheduling-1] DEBUG org.hibernate.SQL - select ir1_0.id,ir1_0.category,ir1_0.itemCode,ir1_0.lastRestocked,ir1_0.location,ir1_0.minStock,ir1_0.name,ir1_0.quantity,ir1_0.status,ir1_0.unit from inventory_records ir1_0
2026-05-08 11:02:53.019 [scheduling-1] DEBUG org.hibernate.SQL - select d1_0.id,d1_0.batchNumber,d1_0.category,d1_0.drugId,d1_0.drugType,d1_0.expiry,d1_0.name,d1_0.reorderLevel,d1_0.status,d1_0.stock,d1_0.storageLocation,d1_0.unit from drugs d1_0
2026-05-08 11:02:53.025 [scheduling-1] DEBUG org.hibernate.SQL - select s1_0.id,s1_0.contact,s1_0.email,s1_0.items,s1_0.lastOrder,s1_0.name,s1_0.phone,s1_0.status,s1_0.supplierId from suppliers s1_0
2026-05-08 11:02:53.038 [scheduling-1] DEBUG org.hibernate.SQL - select rr1_0.id,rr1_0.date,rr1_0.fromDept,rr1_0.notes,rr1_0.patientId,rr1_0.patientName,rr1_0.reason,rr1_0.referralId,rr1_0.referredBy,rr1_0.status,rr1_0.toDept,rr1_0.urgency from referral_records rr1_0
2026-05-08 11:02:53.044 [scheduling-1] DEBUG org.hibernate.SQL - select ic1_0.id,ic1_0.amount,ic1_0.claimId,ic1_0.insurer,ic1_0.patient,ic1_0.service,ic1_0.status,ic1_0.submitted from insurance_claims ic1_0
2026-05-08 11:02:53.056 [scheduling-1] DEBUG org.hibernate.SQL - select bu1_0.id,bu1_0.bloodType,bu1_0.collectionDate,bu1_0.donorName,bu1_0.expiryDate,bu1_0.quantity,bu1_0.status,bu1_0.unitId from blood_units bu1_0
2026-05-08 11:02:53.062 [scheduling-1] DEBUG org.hibernate.SQL - select d1_0.id,d1_0.bloodType,d1_0.date,d1_0.donorName,d1_0.status,d1_0.units from donations d1_0
2026-05-08 11:02:53.073 [scheduling-1] DEBUG org.hibernate.SQL - select qt1_0.id,qt1_0.checkInTime,qt1_0.department,qt1_0.patientId,qt1_0.patientName,qt1_0.priority,qt1_0.status,qt1_0.ticketNo,qt1_0.waitTime from queue_tickets qt1_0
2026-05-08 11:02:53.080 [scheduling-1] DEBUG org.hibernate.SQL - select ni1_0.id,ni1_0.message,ni1_0.read,ni1_0.time,ni1_0.title,ni1_0.type from notification_items ni1_0
2026-05-08 11:02:53.085 [scheduling-1] DEBUG org.hibernate.SQL - select ar1_0.id,ar1_0.checkIn,ar1_0.checkOut,ar1_0.date,ar1_0.department,ar1_0.name,ar1_0.role,ar1_0.shift,ar1_0.staffId,ar1_0.status from attendance_records ar1_0
2026-05-08 11:02:53.095 [scheduling-1] DEBUG org.hibernate.SQL - select ss1_0.id,ss1_0.dayOfWeek,ss1_0.department,ss1_0.endTime,ss1_0.location,ss1_0.name,ss1_0.role,ss1_0.scheduleId,ss1_0.shiftName,ss1_0.staffId,ss1_0.startTime,ss1_0.status from staff_schedules ss1_0
2026-05-08 11:02:53.101 [scheduling-1] DEBUG org.hibernate.SQL - select ws1_0.id,ws1_0.available,ws1_0.name,ws1_0.occupied,ws1_0.totalBeds from ward_statuses ws1_0
2026-05-08 11:02:53.113 [scheduling-1] DEBUG org.hibernate.SQL - select st1_0.id,st1_0.category,st1_0.department,st1_0.price,st1_0.serviceName,st1_0.status,st1_0.tariffCode,st1_0.unitLabel from service_tariffs st1_0
2026-05-08 11:02:53.169 [scheduling-1] DEBUG org.hibernate.SQL - select ale1_0.id,ale1_0.action,ale1_0.description,ale1_0.ipAddress,ale1_0.role,ale1_0.timestamp,ale1_0.user_name from audit_log_entries ale1_0
2026-05-08 11:02:53.240 [scheduling-1] DEBUG org.hibernate.SQL - update system_settings set address=?,auditLogging=?,autoLogout=?,backupEnabled=?,backupFrequency=?,backupLocation=?,contactPhone=?,demoDataCleared=?,emailNotifications=?,hospitalName=?,lastBackupAt=?,lowStockAlerts=?,smsNotifications=?,twoFactorAuth=? where id=?
